
                            < M A T L A B (R) >
                  Copyright 1984-2015 The MathWorks, Inc.
                   R2015a (8.5.0.197613) 64-bit (glnxa64)
                             February 12, 2015

 
To get started, type one of these: helpwin, helpdesk, or demo.
For product information, visit www.mathworks.com.
 

	Academic License

>> >> >> >> >> >> >> >> >> >> >> >> >> >> >> >> >> >> >> >> >> >> >> >> >> >> >> >> >> >> >> >> >> >> >> >> >> >> >> >> >> >> >> >> >> >> >> >> >> >> >> >> >> >> >> >> >> >> >> >> >> >> >> >> Starting parallel pool (parpool) using the 'local' profile ... connected to 12 workers.
Starting parallel pool (parpool) using the 'local' profile ... IdleTimeout has been reached.
Parallel pool using the 'local' profile is shutting down.
connected to 12 workers.
Starting parallel pool (parpool) using the 'local' profile ... IdleTimeout has been reached.
Parallel pool using the 'local' profile is shutting down.
connected to 12 workers.
Starting parallel pool (parpool) using the 'local' profile ... IdleTimeout has been reached.
Parallel pool using the 'local' profile is shutting down.
connected to 12 workers.
Starting parallel pool (parpool) using the 'local' profile ... IdleTimeout has been reached.
Parallel pool using the 'local' profile is shutting down.
connected to 12 workers.
>> 